573134002789:ENCOLADO ans_27b8419d-abe0-46e9-9ac1-5113ba6da0c0
EJECUTANDO:ans_27b8419d-abe0-46e9-9ac1-5113ba6da0c0
573134002789:SUCCESS
573134002789:ENCOLADO ans_27b8419d-abe0-46e9-9ac1-5113ba6da0c0
EJECUTANDO:ans_27b8419d-abe0-46e9-9ac1-5113ba6da0c0
573134002789:SUCCESS
573123889338:ENCOLADO ans_27b8419d-abe0-46e9-9ac1-5113ba6da0c0
EJECUTANDO:ans_27b8419d-abe0-46e9-9ac1-5113ba6da0c0
573123889338:ENCOLADO ans_27b8419d-abe0-46e9-9ac1-5113ba6da0c0
573123889338:SUCCESS
573123889338:ENCOLADO ans_27b8419d-abe0-46e9-9ac1-5113ba6da0c0
EJECUTANDO:ans_27b8419d-abe0-46e9-9ac1-5113ba6da0c0
573123889338:SUCCESS
573123889338:SUCCESS
573243902654:ENCOLADO ans_38869bc8-afd1-43b7-867b-d4fa37ec7430
EJECUTANDO:ans_38869bc8-afd1-43b7-867b-d4fa37ec7430
573243902654:SUCCESS
573243902654:ENCOLADO ans_3c2b421a-bafc-4b41-b78c-5cd2d59d6626
EJECUTANDO:ans_3c2b421a-bafc-4b41-b78c-5cd2d59d6626
573243902654:SUCCESS
573226152932:ENCOLADO ans_38869bc8-afd1-43b7-867b-d4fa37ec7430
EJECUTANDO:ans_38869bc8-afd1-43b7-867b-d4fa37ec7430
573226152932:ENCOLADO ans_27b8419d-abe0-46e9-9ac1-5113ba6da0c0
573226152932:SUCCESS
573226152932:ENCOLADO ans_3c2b421a-bafc-4b41-b78c-5cd2d59d6626
573226152932:SUCCESS
573226152932:ENCOLADO ans_27b8419d-abe0-46e9-9ac1-5113ba6da0c0
573226152932:SUCCESS
573226152932:SUCCESS
573226152932:ENCOLADO ans_27b8419d-abe0-46e9-9ac1-5113ba6da0c0
EJECUTANDO:ans_27b8419d-abe0-46e9-9ac1-5113ba6da0c0
573226152932:SUCCESS
573226152932:ENCOLADO ans_27b8419d-abe0-46e9-9ac1-5113ba6da0c0
EJECUTANDO:ans_27b8419d-abe0-46e9-9ac1-5113ba6da0c0
573226152932:SUCCESS
573226152932:ENCOLADO ans_27b8419d-abe0-46e9-9ac1-5113ba6da0c0
EJECUTANDO:ans_27b8419d-abe0-46e9-9ac1-5113ba6da0c0
573226152932:SUCCESS
573226152932:ENCOLADO ans_27b8419d-abe0-46e9-9ac1-5113ba6da0c0
EJECUTANDO:ans_27b8419d-abe0-46e9-9ac1-5113ba6da0c0
573226152932:SUCCESS
573226152932:ENCOLADO ans_27b8419d-abe0-46e9-9ac1-5113ba6da0c0
EJECUTANDO:ans_27b8419d-abe0-46e9-9ac1-5113ba6da0c0
573226152932:SUCCESS
573226152932:ENCOLADO ans_27b8419d-abe0-46e9-9ac1-5113ba6da0c0
EJECUTANDO:ans_27b8419d-abe0-46e9-9ac1-5113ba6da0c0
573226152932:SUCCESS
